[0921/012903.359:ERROR:process_memory_win.cc(73)] ReadMemory at 0x7ff68cc90000 of 64 bytes failed: Only part of a ReadProcessMemory or WriteProcessMemory request was completed. (0x12B)
[0921/012903.360:WARNING:pe_image_reader.cc(340)] could not read dos header from C:\Program Files (x86)\Google\Chrome\Application\chrome.exe
[0921/012903.360:ERROR:process_memory_win.cc(73)] ReadMemory at 0x7ffe9bac0000 of 64 bytes failed: Only part of a ReadProcessMemory or WriteProcessMemory request was completed. (0x12B)
[0921/012903.360:WARNING:pe_image_reader.cc(340)] could not read dos header from C:\WINDOWS\SYSTEM32\ntdll.dll
[0921/012903.360:ERROR:process_memory_win.cc(73)] ReadMemory at 0x7ffe9acf0000 of 64 bytes failed: Only part of a ReadProcessMemory or WriteProcessMemory request was completed. (0x12B)
[0921/012903.367:WARNING:pe_image_reader.cc(340)] could not read dos header from C:\WINDOWS\System32\KERNEL32.DLL
[0921/012903.367:ERROR:process_memory_win.cc(73)] ReadMemory at 0x7ffe98a50000 of 64 bytes failed: Only part of a ReadProcessMemory or WriteProcessMemory request was completed. (0x12B)
[0921/012903.367:WARNING:pe_image_reader.cc(340)] could not read dos header from C:\WINDOWS\System32\KERNELBASE.dll
[0921/012903.367:ERROR:process_memory_win.cc(73)] ReadMemory at 0x7ffe76170000 of 64 bytes failed: Only part of a ReadProcessMemory or WriteProcessMemory request was completed. (0x12B)
[0921/012903.367:WARNING:pe_image_reader.cc(340)] could not read dos header from C:\Program Files (x86)\Google\Chrome\Application\85.0.4183.102\chrome_elf.dll
[0921/012903.368:ERROR:process_memory_win.cc(73)] ReadMemory at 0x7ffe90b20000 of 64 bytes failed: Only part of a ReadProcessMemory or WriteProcessMemory request was completed. (0x12B)
[0921/012903.368:WARNING:pe_image_reader.cc(340)] could not read dos header from C:\WINDOWS\SYSTEM32\VERSION.dll
[0921/012903.368:ERROR:process_memory_win.cc(73)] ReadMemory at 0x7ffe9b7a0000 of 64 bytes failed: Only part of a ReadProcessMemory or WriteProcessMemory request was completed. (0x12B)
[0921/012903.368:WARNING:pe_image_reader.cc(340)] could not read dos header from C:\WINDOWS\System32\msvcrt.dll
[0921/012903.368:ERROR:process_memory_win.cc(73)] ReadMemory at 0x7ffe98d30000 of 64 bytes failed: Only part of a ReadProcessMemory or WriteProcessMemory request was completed. (0x12B)
[0921/012903.368:WARNING:pe_image_reader.cc(340)] could not read dos header from C:\WINDOWS\System32\bcryptPrimitives.dll
[0921/012903.368:ERROR:process_memory_win.cc(73)] ReadMemory at 0x7ffe99710000 of 64 bytes failed: Only part of a ReadProcessMemory or WriteProcessMemory request was completed. (0x12B)
[0921/012903.368:WARNING:pe_image_reader.cc(340)] could not read dos header from C:\WINDOWS\System32\ADVAPI32.dll
[0921/012903.368:ERROR:process_memory_win.cc(73)] ReadMemory at 0x7ffe991e0000 of 64 bytes failed: Only part of a ReadProcessMemory or WriteProcessMemory request was completed. (0x12B)
[0921/012903.368:WARNING:pe_image_reader.cc(340)] could not read dos header from C:\WINDOWS\System32\sechost.dll
[0921/012903.369:ERROR:process_memory_win.cc(73)] ReadMemory at 0x7ffe99ad0000 of 64 bytes failed: Only part of a ReadProcessMemory or WriteProcessMemory request was completed. (0x12B)
[0921/012903.369:WARNING:pe_image_reader.cc(340)] could not read dos header from C:\WINDOWS\System32\RPCRT4.dll
[0921/012903.369:ERROR:process_memory_win.cc(73)] ReadMemory at 0x7ffe44f70000 of 64 bytes failed: Only part of a ReadProcessMemory or WriteProcessMemory request was completed. (0x12B)
[0921/012903.369:WARNING:pe_image_reader.cc(340)] could not read dos header from C:\Program Files (x86)\Google\Chrome\Application\85.0.4183.102\chrome.dll
[0921/012903.369:ERROR:process_memory_win.cc(73)] ReadMemory at 0x7ffe9a790000 of 64 bytes failed: Only part of a ReadProcessMemory or WriteProcessMemory request was completed. (0x12B)
[0921/012903.369:WARNING:pe_image_reader.cc(340)] could not read dos header from C:\WINDOWS\System32\WS2_32.dll
[0921/012903.369:ERROR:process_memory_win.cc(73)] ReadMemory at 0x7ffe9ac20000 of 64 bytes failed: Only part of a ReadProcessMemory or WriteProcessMemory request was completed. (0x12B)
[0921/012903.369:WARNING:pe_image_reader.cc(340)] could not read dos header from C:\WINDOWS\System32\OLEAUT32.dll
[0921/012903.370:ERROR:process_memory_win.cc(73)] ReadMemory at 0x7ffe98110000 of 64 bytes failed: Only part of a ReadProcessMemory or WriteProcessMemory request was completed. (0x12B)
[0921/012903.370:WARNING:pe_image_reader.cc(340)] could not read dos header from C:\WINDOWS\System32\msvcp_win.dll
[0921/012903.370:ERROR:process_memory_win.cc(73)] ReadMemory at 0x7ffe98950000 of 64 bytes failed: Only part of a ReadProcessMemory or WriteProcessMemory request was completed. (0x12B)
[0921/012903.370:WARNING:pe_image_reader.cc(340)] could not read dos header from C:\WINDOWS\System32\ucrtbase.dll
[0921/012903.370:ERROR:process_memory_win.cc(73)] ReadMemory at 0x7ffe99bf0000 of 64 bytes failed: Only part of a ReadProcessMemory or WriteProcessMemory request was completed. (0x12B)
[0921/012903.370:WARNING:pe_image_reader.cc(340)] could not read dos header from C:\WINDOWS\System32\combase.dll
[0921/012903.371:ERROR:process_memory_win.cc(73)] ReadMemory at 0x7ffe98e60000 of 64 bytes failed: Only part of a ReadProcessMemory or WriteProcessMemory request was completed. (0x12B)
[0921/012903.371:WARNING:pe_image_reader.cc(340)] could not read dos header from C:\WINDOWS\System32\WINTRUST.dll
[0921/012903.371:ERROR:process_memory_win.cc(73)] ReadMemory at 0x7ffe98080000 of 64 bytes failed: Only part of a ReadProcessMemory or WriteProcessMemory request was completed. (0x12B)
[0921/012903.372:WARNING:pe_image_reader.cc(340)] could not read dos header from C:\WINDOWS\System32\MSASN1.dll
[0921/012903.372:ERROR:process_memory_win.cc(73)] ReadMemory at 0x7ffe98ef0000 of 64 bytes failed: Only part of a ReadProcessMemory or WriteProcessMemory request was completed. (0x12B)
[0921/012903.372:WARNING:pe_image_reader.cc(340)] could not read dos header from C:\WINDOWS\System32\CRYPT32.dll
[0921/012903.372:ERROR:process_memory_win.cc(73)] ReadMemory at 0x7ffe97550000 of 64 bytes failed: Only part of a ReadProcessMemory or WriteProcessMemory request was completed. (0x12B)
[0921/012903.372:WARNING:pe_image_reader.cc(340)] could not read dos header from C:\WINDOWS\SYSTEM32\IPHLPAPI.DLL
[0921/012903.373:ERROR:process_memory_win.cc(73)] ReadMemory at 0x7ffe8ef10000 of 64 bytes failed: Only part of a ReadProcessMemory or WriteProcessMemory request was completed. (0x12B)
[0921/012903.373:WARNING:pe_image_reader.cc(340)] could not read dos header from C:\WINDOWS\SYSTEM32\WINMM.dll
[0921/012903.373:ERROR:process_memory_win.cc(73)] ReadMemory at 0x7ffe647a0000 of 64 bytes failed: Only part of a ReadProcessMemory or WriteProcessMemory request was completed. (0x12B)
[0921/012903.373:WARNING:pe_image_reader.cc(340)] could not read dos header from C:\WINDOWS\SYSTEM32\UIAutomationCore.DLL
[0921/012903.373:ERROR:process_memory_win.cc(73)] ReadMemory at 0x7ffe89f90000 of 64 bytes failed: Only part of a ReadProcessMemory or WriteProcessMemory request was completed. (0x12B)
[0921/012903.373:WARNING:pe_image_reader.cc(340)] could not read dos header from C:\WINDOWS\SYSTEM32\Secur32.dll
[0921/012903.373:ERROR:process_memory_win.cc(73)] ReadMemory at 0x7ffe97f10000 of 64 bytes failed: Only part of a ReadProcessMemory or WriteProcessMemory request was completed. (0x12B)
[0921/012903.374:WARNING:pe_image_reader.cc(340)] could not read dos header from C:\WINDOWS\SYSTEM32\USERENV.dll
[0921/012903.374:ERROR:process_memory_win.cc(73)] ReadMemory at 0x7ffe98000000 of 64 bytes failed: Only part of a ReadProcessMemory or WriteProcessMemory request was completed. (0x12B)
[0921/012903.374:WARNING:pe_image_reader.cc(340)] could not read dos header from C:\WINDOWS\System32\profapi.dll
[0921/012903.374:ERROR:process_memory_win.cc(73)] ReadMemory at 0x7ffe85c10000 of 64 bytes failed: Only part of a ReadProcessMemory or WriteProcessMemory request was completed. (0x12B)
[0921/012903.374:WARNING:pe_image_reader.cc(340)] could not read dos header from C:\WINDOWS\SYSTEM32\DWrite.dll
[0921/012903.374:ERROR:process_memory_win.cc(73)] ReadMemory at 0x7ffe85b70000 of 64 bytes failed: Only part of a ReadProcessMemory or WriteProcessMemory request was completed. (0x12B)
[0921/012903.374:WARNING:pe_image_reader.cc(340)] could not read dos header from C:\WINDOWS\SYSTEM32\WINSPOOL.DRV
[0921/012903.374:ERROR:process_memory_win.cc(73)] ReadMemory at 0x7ffe980a0000 of 64 bytes failed: Only part of a ReadProcessMemory or WriteProcessMemory request was completed. (0x12B)
[0921/012903.374:WARNING:pe_image_reader.cc(340)] could not read dos header from C:\WINDOWS\System32\kernel.appcore.dll
[0921/012903.374:ERROR:process_memory_win.cc(73)] ReadMemory at 0x7ffe98d00000 of 64 bytes failed: Only part of a ReadProcessMemory or WriteProcessMemory request was completed. (0x12B)
[0921/012903.374:WARNING:pe_image_reader.cc(340)] could not read dos header from C:\WINDOWS\System32\bcrypt.dll
[0921/012903.375:ERROR:process_memory_win.cc(73)] ReadMemory at 0x7ffe90d50000 of 64 bytes failed: Only part of a ReadProcessMemory or WriteProcessMemory request was completed. (0x12B)
[0921/012903.375:WARNING:pe_image_reader.cc(340)] could not read dos header from C:\WINDOWS\SYSTEM32\dbghelp.dll
[0921/012903.375:ERROR:process_memory_win.cc(73)] ReadMemory at 0x7ffe8f470000 of 64 bytes failed: Only part of a ReadProcessMemory or WriteProcessMemory request was completed. (0x12B)
[0921/012903.375:WARNING:pe_image_reader.cc(340)] could not read dos header from C:\WINDOWS\SYSTEM32\WINHTTP.dll
[0921/012903.375:ERROR:process_memory_win.cc(73)] ReadMemory at 0x7ffe91990000 of 64 bytes failed: Only part of a ReadProcessMemory or WriteProcessMemory request was completed. (0x12B)
[0921/012903.375:WARNING:pe_image_reader.cc(340)] could not read dos header from C:\WINDOWS\SYSTEM32\dhcpcsvc.DLL
[0921/012903.375:ERROR:process_memory_win.cc(73)] ReadMemory at 0x7ffe998f0000 of 64 bytes failed: Only part of a ReadProcessMemory or WriteProcessMemory request was completed. (0x12B)
[0921/012903.375:WARNING:pe_image_reader.cc(340)] could not read dos header from C:\WINDOWS\System32\NSI.dll
[0921/012903.375:ERROR:process_memory_win.cc(73)] ReadMemory at 0x7ffe8eee0000 of 64 bytes failed: Only part of a ReadProcessMemory or WriteProcessMemory request was completed. (0x12B)
[0921/012903.375:WARNING:pe_image_reader.cc(340)] could not read dos header from C:\WINDOWS\SYSTEM32\WINMMBASE.dll
[0921/012903.375:ERROR:process_memory_win.cc(73)] ReadMemory at 0x7ffe980c0000 of 64 bytes failed: Only part of a ReadProcessMemory or WriteProcessMemory request was completed. (0x12B)
[0921/012903.376:WARNING:pe_image_reader.cc(340)] could not read dos header from C:\WINDOWS\System32\cfgmgr32.dll
[0921/012903.376:ERROR:process_memory_win.cc(73)] ReadMemory at 0x7ffe94970000 of 64 bytes failed: Only part of a ReadProcessMemory or WriteProcessMemory request was completed. (0x12B)
[0921/012903.376:WARNING:pe_image_reader.cc(340)] could not read dos header from C:\WINDOWS\SYSTEM32\PROPSYS.dll
[0921/012903.376:ERROR:process_memory_win.cc(73)] ReadMemory at 0x7ffe9b060000 of 64 bytes failed: Only part of a ReadProcessMemory or WriteProcessMemory request was completed. (0x12B)
[0921/012903.376:WARNING:pe_image_reader.cc(340)] could not read dos header from C:\WINDOWS\System32\shcore.dll
[0921/012903.376:ERROR:process_memory_win.cc(73)] ReadMemory at 0x7ffe97ed0000 of 64 bytes failed: Only part of a ReadProcessMemory or WriteProcessMemory request was completed. (0x12B)
[0921/012903.376:WARNING:pe_image_reader.cc(340)] could not read dos header from C:\WINDOWS\SYSTEM32\SSPICLI.DLL
[0921/012903.376:ERROR:process_memory_win.cc(73)] ReadMemory at 0x7ffe97a10000 of 64 bytes failed: Only part of a ReadProcessMemory or WriteProcessMemory request was completed. (0x12B)
[0921/012903.376:WARNING:pe_image_reader.cc(340)] could not read dos header from C:\WINDOWS\SYSTEM32\CRYPTBASE.DLL
[0921/012903.384:ERROR:process_memory_win.cc(73)] ReadMemory at 0x7ff68cc90000 of 64 bytes failed: Only part of a ReadProcessMemory or WriteProcessMemory request was completed. (0x12B)
[0921/012903.384:WARNING:pe_image_reader.cc(340)] could not read dos header from C:\Program Files (x86)\Google\Chrome\Application\chrome.exe
[0921/012903.384:ERROR:process_memory_win.cc(73)] ReadMemory at 0x7ffe9bac0000 of 64 bytes failed: Only part of a ReadProcessMemory or WriteProcessMemory request was completed. (0x12B)
[0921/012903.384:WARNING:pe_image_reader.cc(340)] could not read dos header from C:\WINDOWS\SYSTEM32\ntdll.dll
[0921/012903.384:ERROR:process_memory_win.cc(73)] ReadMemory at 0x7ffe9acf0000 of 64 bytes failed: Only part of a ReadProcessMemory or WriteProcessMemory request was completed. (0x12B)
[0921/012903.384:WARNING:pe_image_reader.cc(340)] could not read dos header from C:\WINDOWS\System32\KERNEL32.DLL
[0921/012903.384:ERROR:process_memory_win.cc(73)] ReadMemory at 0x7ffe98a50000 of 64 bytes failed: Only part of a ReadProcessMemory or WriteProcessMemory request was completed. (0x12B)
[0921/012903.384:WARNING:pe_image_reader.cc(340)] could not read dos header from C:\WINDOWS\System32\KERNELBASE.dll
[0921/012903.384:ERROR:process_memory_win.cc(73)] ReadMemory at 0x7ffe76170000 of 64 bytes failed: Only part of a ReadProcessMemory or WriteProcessMemory request was completed. (0x12B)
[0921/012903.384:WARNING:pe_image_reader.cc(340)] could not read dos header from C:\Program Files (x86)\Google\Chrome\Application\85.0.4183.102\chrome_elf.dll
[0921/012903.384:ERROR:process_memory_win.cc(73)] ReadMemory at 0x7ffe90b20000 of 64 bytes failed: Only part of a ReadProcessMemory or WriteProcessMemory request was completed. (0x12B)
[0921/012903.384:WARNING:pe_image_reader.cc(340)] could not read dos header from C:\WINDOWS\SYSTEM32\VERSION.dll
[0921/012903.384:ERROR:process_memory_win.cc(73)] ReadMemory at 0x7ffe9b7a0000 of 64 bytes failed: Only part of a ReadProcessMemory or WriteProcessMemory request was completed. (0x12B)
[0921/012903.384:WARNING:pe_image_reader.cc(340)] could not read dos header from C:\WINDOWS\System32\msvcrt.dll
[0921/012903.384:ERROR:process_memory_win.cc(73)] ReadMemory at 0x7ffe98d30000 of 64 bytes failed: Only part of a ReadProcessMemory or WriteProcessMemory request was completed. (0x12B)
[0921/012903.385:WARNING:pe_image_reader.cc(340)] could not read dos header from C:\WINDOWS\System32\bcryptPrimitives.dll
[0921/012903.385:ERROR:process_memory_win.cc(73)] ReadMemory at 0x7ffe99710000 of 64 bytes failed: Only part of a ReadProcessMemory or WriteProcessMemory request was completed. (0x12B)
[0921/012903.385:WARNING:pe_image_reader.cc(340)] could not read dos header from C:\WINDOWS\System32\ADVAPI32.dll
[0921/012903.385:ERROR:process_memory_win.cc(73)] ReadMemory at 0x7ffe991e0000 of 64 bytes failed: Only part of a ReadProcessMemory or WriteProcessMemory request was completed. (0x12B)
[0921/012903.385:WARNING:pe_image_reader.cc(340)] could not read dos header from C:\WINDOWS\System32\sechost.dll
[0921/012903.385:ERROR:process_memory_win.cc(73)] ReadMemory at 0x7ffe99ad0000 of 64 bytes failed: Only part of a ReadProcessMemory or WriteProcessMemory request was completed. (0x12B)
[0921/012903.385:WARNING:pe_image_reader.cc(340)] could not read dos header from C:\WINDOWS\System32\RPCRT4.dll
[0921/012903.385:ERROR:process_memory_win.cc(73)] ReadMemory at 0x7ffe44f70000 of 64 bytes failed: Only part of a ReadProcessMemory or WriteProcessMemory request was completed. (0x12B)
[0921/012903.385:WARNING:pe_image_reader.cc(340)] could not read dos header from C:\Program Files (x86)\Google\Chrome\Application\85.0.4183.102\chrome.dll
[0921/012903.385:ERROR:process_memory_win.cc(73)] ReadMemory at 0x7ffe9a790000 of 64 bytes failed: Only part of a ReadProcessMemory or WriteProcessMemory request was completed. (0x12B)
[0921/012903.385:WARNING:pe_image_reader.cc(340)] could not read dos header from C:\WINDOWS\System32\WS2_32.dll
[0921/012903.385:ERROR:process_memory_win.cc(73)] ReadMemory at 0x7ffe9ac20000 of 64 bytes failed: Only part of a ReadProcessMemory or WriteProcessMemory request was completed. (0x12B)
[0921/012903.385:WARNING:pe_image_reader.cc(340)] could not read dos header from C:\WINDOWS\System32\OLEAUT32.dll
[0921/012903.385:ERROR:process_memory_win.cc(73)] ReadMemory at 0x7ffe98110000 of 64 bytes failed: Only part of a ReadProcessMemory or WriteProcessMemory request was completed. (0x12B)
[0921/012903.385:WARNING:pe_image_reader.cc(340)] could not read dos header from C:\WINDOWS\System32\msvcp_win.dll
[0921/012903.385:ERROR:process_memory_win.cc(73)] ReadMemory at 0x7ffe98950000 of 64 bytes failed: Only part of a ReadProcessMemory or WriteProcessMemory request was completed. (0x12B)
[0921/012903.386:WARNING:pe_image_reader.cc(340)] could not read dos header from C:\WINDOWS\System32\ucrtbase.dll
[0921/012903.386:ERROR:process_memory_win.cc(73)] ReadMemory at 0x7ffe99bf0000 of 64 bytes failed: Only part of a ReadProcessMemory or WriteProcessMemory request was completed. (0x12B)
[0921/012903.386:WARNING:pe_image_reader.cc(340)] could not read dos header from C:\WINDOWS\System32\combase.dll
[0921/012903.386:ERROR:process_memory_win.cc(73)] ReadMemory at 0x7ffe98e60000 of 64 bytes failed: Only part of a ReadProcessMemory or WriteProcessMemory request was completed. (0x12B)
[0921/012903.386:WARNING:pe_image_reader.cc(340)] could not read dos header from C:\WINDOWS\System32\WINTRUST.dll
[0921/012903.386:ERROR:process_memory_win.cc(73)] ReadMemory at 0x7ffe98080000 of 64 bytes failed: Only part of a ReadProcessMemory or WriteProcessMemory request was completed. (0x12B)
[0921/012903.386:WARNING:pe_image_reader.cc(340)] could not read dos header from C:\WINDOWS\System32\MSASN1.dll
[0921/012903.386:ERROR:process_memory_win.cc(73)] ReadMemory at 0x7ffe98ef0000 of 64 bytes failed: Only part of a ReadProcessMemory or WriteProcessMemory request was completed. (0x12B)
[0921/012903.386:WARNING:pe_image_reader.cc(340)] could not read dos header from C:\WINDOWS\System32\CRYPT32.dll
[0921/012903.386:ERROR:process_memory_win.cc(73)] ReadMemory at 0x7ffe97550000 of 64 bytes failed: Only part of a ReadProcessMemory or WriteProcessMemory request was completed. (0x12B)
[0921/012903.386:WARNING:pe_image_reader.cc(340)] could not read dos header from C:\WINDOWS\SYSTEM32\IPHLPAPI.DLL
[0921/012903.386:ERROR:process_memory_win.cc(73)] ReadMemory at 0x7ffe8ef10000 of 64 bytes failed: Only part of a ReadProcessMemory or WriteProcessMemory request was completed. (0x12B)
[0921/012903.386:WARNING:pe_image_reader.cc(340)] could not read dos header from C:\WINDOWS\SYSTEM32\WINMM.dll
[0921/012903.387:ERROR:process_memory_win.cc(73)] ReadMemory at 0x7ffe647a0000 of 64 bytes failed: Only part of a ReadProcessMemory or WriteProcessMemory request was completed. (0x12B)
[0921/012903.387:WARNING:pe_image_reader.cc(340)] could not read dos header from C:\WINDOWS\SYSTEM32\UIAutomationCore.DLL
[0921/012903.387:ERROR:process_memory_win.cc(73)] ReadMemory at 0x7ffe89f90000 of 64 bytes failed: Only part of a ReadProcessMemory or WriteProcessMemory request was completed. (0x12B)
[0921/012903.387:WARNING:pe_image_reader.cc(340)] could not read dos header from C:\WINDOWS\SYSTEM32\Secur32.dll
[0921/012903.387:ERROR:process_memory_win.cc(73)] ReadMemory at 0x7ffe97f10000 of 64 bytes failed: Only part of a ReadProcessMemory or WriteProcessMemory request was completed. (0x12B)
[0921/012903.388:WARNING:pe_image_reader.cc(340)] could not read dos header from C:\WINDOWS\SYSTEM32\USERENV.dll
[0921/012903.388:ERROR:process_memory_win.cc(73)] ReadMemory at 0x7ffe98000000 of 64 bytes failed: Only part of a ReadProcessMemory or WriteProcessMemory request was completed. (0x12B)
[0921/012903.388:WARNING:pe_image_reader.cc(340)] could not read dos header from C:\WINDOWS\System32\profapi.dll
[0921/012903.388:ERROR:process_memory_win.cc(73)] ReadMemory at 0x7ffe85c10000 of 64 bytes failed: Only part of a ReadProcessMemory or WriteProcessMemory request was completed. (0x12B)
[0921/012903.388:WARNING:pe_image_reader.cc(340)] could not read dos header from C:\WINDOWS\SYSTEM32\DWrite.dll
[0921/012903.388:ERROR:process_memory_win.cc(73)] ReadMemory at 0x7ffe85b70000 of 64 bytes failed: Only part of a ReadProcessMemory or WriteProcessMemory request was completed. (0x12B)
[0921/012903.388:WARNING:pe_image_reader.cc(340)] could not read dos header from C:\WINDOWS\SYSTEM32\WINSPOOL.DRV
[0921/012903.388:ERROR:process_memory_win.cc(73)] ReadMemory at 0x7ffe980a0000 of 64 bytes failed: Only part of a ReadProcessMemory or WriteProcessMemory request was completed. (0x12B)
[0921/012903.388:WARNING:pe_image_reader.cc(340)] could not read dos header from C:\WINDOWS\System32\kernel.appcore.dll
[0921/012903.388:ERROR:process_memory_win.cc(73)] ReadMemory at 0x7ffe98d00000 of 64 bytes failed: Only part of a ReadProcessMemory or WriteProcessMemory request was completed. (0x12B)
[0921/012903.388:WARNING:pe_image_reader.cc(340)] could not read dos header from C:\WINDOWS\System32\bcrypt.dll
[0921/012903.388:ERROR:process_memory_win.cc(73)] ReadMemory at 0x7ffe90d50000 of 64 bytes failed: Only part of a ReadProcessMemory or WriteProcessMemory request was completed. (0x12B)
[0921/012903.388:WARNING:pe_image_reader.cc(340)] could not read dos header from C:\WINDOWS\SYSTEM32\dbghelp.dll
[0921/012903.388:ERROR:process_memory_win.cc(73)] ReadMemory at 0x7ffe8f470000 of 64 bytes failed: Only part of a ReadProcessMemory or WriteProcessMemory request was completed. (0x12B)
[0921/012903.389:WARNING:pe_image_reader.cc(340)] could not read dos header from C:\WINDOWS\SYSTEM32\WINHTTP.dll
[0921/012903.389:ERROR:process_memory_win.cc(73)] ReadMemory at 0x7ffe91990000 of 64 bytes failed: Only part of a ReadProcessMemory or WriteProcessMemory request was completed. (0x12B)
[0921/012903.389:WARNING:pe_image_reader.cc(340)] could not read dos header from C:\WINDOWS\SYSTEM32\dhcpcsvc.DLL
[0921/012903.389:ERROR:process_memory_win.cc(73)] ReadMemory at 0x7ffe998f0000 of 64 bytes failed: Only part of a ReadProcessMemory or WriteProcessMemory request was completed. (0x12B)
[0921/012903.389:WARNING:pe_image_reader.cc(340)] could not read dos header from C:\WINDOWS\System32\NSI.dll
[0921/012903.389:ERROR:process_memory_win.cc(73)] ReadMemory at 0x7ffe8eee0000 of 64 bytes failed: Only part of a ReadProcessMemory or WriteProcessMemory request was completed. (0x12B)
[0921/012903.389:WARNING:pe_image_reader.cc(340)] could not read dos header from C:\WINDOWS\SYSTEM32\WINMMBASE.dll
[0921/012903.389:ERROR:process_memory_win.cc(73)] ReadMemory at 0x7ffe980c0000 of 64 bytes failed: Only part of a ReadProcessMemory or WriteProcessMemory request was completed. (0x12B)
[0921/012903.389:WARNING:pe_image_reader.cc(340)] could not read dos header from C:\WINDOWS\System32\cfgmgr32.dll
[0921/012903.389:ERROR:process_memory_win.cc(73)] ReadMemory at 0x7ffe94970000 of 64 bytes failed: Only part of a ReadProcessMemory or WriteProcessMemory request was completed. (0x12B)
[0921/012903.389:WARNING:pe_image_reader.cc(340)] could not read dos header from C:\WINDOWS\SYSTEM32\PROPSYS.dll
[0921/012903.389:ERROR:process_memory_win.cc(73)] ReadMemory at 0x7ffe9b060000 of 64 bytes failed: Only part of a ReadProcessMemory or WriteProcessMemory request was completed. (0x12B)
[0921/012903.389:WARNING:pe_image_reader.cc(340)] could not read dos header from C:\WINDOWS\System32\shcore.dll
[0921/012903.390:ERROR:process_memory_win.cc(73)] ReadMemory at 0x7ffe97ed0000 of 64 bytes failed: Only part of a ReadProcessMemory or WriteProcessMemory request was completed. (0x12B)
[0921/012903.390:WARNING:pe_image_reader.cc(340)] could not read dos header from C:\WINDOWS\SYSTEM32\SSPICLI.DLL
[0921/012903.390:ERROR:process_memory_win.cc(73)] ReadMemory at 0x7ffe97a10000 of 64 bytes failed: Only part of a ReadProcessMemory or WriteProcessMemory request was completed. (0x12B)
[0921/012903.390:WARNING:pe_image_reader.cc(340)] could not read dos header from C:\WINDOWS\SYSTEM32\CRYPTBASE.DLL
[0921/012903.390:ERROR:process_memory_win.cc(73)] ReadMemory at 0x7ff68cc90000 of 64 bytes failed: Only part of a ReadProcessMemory or WriteProcessMemory request was completed. (0x12B)
[0921/012903.390:WARNING:pe_image_reader.cc(340)] could not read dos header from C:\Program Files (x86)\Google\Chrome\Application\chrome.exe
[0921/012903.390:ERROR:process_memory_win.cc(73)] ReadMemory at 0x7ffe9bac0000 of 64 bytes failed: Only part of a ReadProcessMemory or WriteProcessMemory request was completed. (0x12B)
[0921/012903.390:WARNING:pe_image_reader.cc(340)] could not read dos header from C:\WINDOWS\SYSTEM32\ntdll.dll
[0921/012903.390:ERROR:process_memory_win.cc(73)] ReadMemory at 0x7ffe9acf0000 of 64 bytes failed: Only part of a ReadProcessMemory or WriteProcessMemory request was completed. (0x12B)
[0921/012903.390:WARNING:pe_image_reader.cc(340)] could not read dos header from C:\WINDOWS\System32\KERNEL32.DLL
[0921/012903.390:ERROR:process_memory_win.cc(73)] ReadMemory at 0x7ffe98a50000 of 64 bytes failed: Only part of a ReadProcessMemory or WriteProcessMemory request was completed. (0x12B)
[0921/012903.390:WARNING:pe_image_reader.cc(340)] could not read dos header from C:\WINDOWS\System32\KERNELBASE.dll
[0921/012903.390:ERROR:process_memory_win.cc(73)] ReadMemory at 0x7ffe76170000 of 64 bytes failed: Only part of a ReadProcessMemory or WriteProcessMemory request was completed. (0x12B)
[0921/012903.390:WARNING:pe_image_reader.cc(340)] could not read dos header from C:\Program Files (x86)\Google\Chrome\Application\85.0.4183.102\chrome_elf.dll
[0921/012903.390:ERROR:process_memory_win.cc(73)] ReadMemory at 0x7ffe90b20000 of 64 bytes failed: Only part of a ReadProcessMemory or WriteProcessMemory request was completed. (0x12B)
[0921/012903.390:WARNING:pe_image_reader.cc(340)] could not read dos header from C:\WINDOWS\SYSTEM32\VERSION.dll
[0921/012903.390:ERROR:process_memory_win.cc(73)] ReadMemory at 0x7ffe9b7a0000 of 64 bytes failed: Only part of a ReadProcessMemory or WriteProcessMemory request was completed. (0x12B)
[0921/012903.391:WARNING:pe_image_reader.cc(340)] could not read dos header from C:\WINDOWS\System32\msvcrt.dll
[0921/012903.391:ERROR:process_memory_win.cc(73)] ReadMemory at 0x7ffe98d30000 of 64 bytes failed: Only part of a ReadProcessMemory or WriteProcessMemory request was completed. (0x12B)
[0921/012903.391:WARNING:pe_image_reader.cc(340)] could not read dos header from C:\WINDOWS\System32\bcryptPrimitives.dll
[0921/012903.391:ERROR:process_memory_win.cc(73)] ReadMemory at 0x7ffe99710000 of 64 bytes failed: Only part of a ReadProcessMemory or WriteProcessMemory request was completed. (0x12B)
[0921/012903.391:WARNING:pe_image_reader.cc(340)] could not read dos header from C:\WINDOWS\System32\ADVAPI32.dll
[0921/012903.391:ERROR:process_memory_win.cc(73)] ReadMemory at 0x7ffe991e0000 of 64 bytes failed: Only part of a ReadProcessMemory or WriteProcessMemory request was completed. (0x12B)
[0921/012903.391:WARNING:pe_image_reader.cc(340)] could not read dos header from C:\WINDOWS\System32\sechost.dll
[0921/012903.391:ERROR:process_memory_win.cc(73)] ReadMemory at 0x7ffe99ad0000 of 64 bytes failed: Only part of a ReadProcessMemory or WriteProcessMemory request was completed. (0x12B)
[0921/012903.391:WARNING:pe_image_reader.cc(340)] could not read dos header from C:\WINDOWS\System32\RPCRT4.dll
[0921/012903.391:ERROR:process_memory_win.cc(73)] ReadMemory at 0x7ffe44f70000 of 64 bytes failed: Only part of a ReadProcessMemory or WriteProcessMemory request was completed. (0x12B)
[0921/012903.391:WARNING:pe_image_reader.cc(340)] could not read dos header from C:\Program Files (x86)\Google\Chrome\Application\85.0.4183.102\chrome.dll
[0921/012903.391:ERROR:process_memory_win.cc(73)] ReadMemory at 0x7ffe9a790000 of 64 bytes failed: Only part of a ReadProcessMemory or WriteProcessMemory request was completed. (0x12B)
[0921/012903.391:WARNING:pe_image_reader.cc(340)] could not read dos header from C:\WINDOWS\System32\WS2_32.dll
[0921/012903.391:ERROR:process_memory_win.cc(73)] ReadMemory at 0x7ffe9ac20000 of 64 bytes failed: Only part of a ReadProcessMemory or WriteProcessMemory request was completed. (0x12B)
[0921/012903.391:WARNING:pe_image_reader.cc(340)] could not read dos header from C:\WINDOWS\System32\OLEAUT32.dll
[0921/012903.391:ERROR:process_memory_win.cc(73)] ReadMemory at 0x7ffe98110000 of 64 bytes failed: Only part of a ReadProcessMemory or WriteProcessMemory request was completed. (0x12B)
[0921/012903.391:WARNING:pe_image_reader.cc(340)] could not read dos header from C:\WINDOWS\System32\msvcp_win.dll
[0921/012903.391:ERROR:process_memory_win.cc(73)] ReadMemory at 0x7ffe98950000 of 64 bytes failed: Only part of a ReadProcessMemory or WriteProcessMemory request was completed. (0x12B)
[0921/012903.391:WARNING:pe_image_reader.cc(340)] could not read dos header from C:\WINDOWS\System32\ucrtbase.dll
[0921/012903.392:ERROR:process_memory_win.cc(73)] ReadMemory at 0x7ffe99bf0000 of 64 bytes failed: Only part of a ReadProcessMemory or WriteProcessMemory request was completed. (0x12B)
[0921/012903.392:WARNING:pe_image_reader.cc(340)] could not read dos header from C:\WINDOWS\System32\combase.dll
[0921/012903.392:ERROR:process_memory_win.cc(73)] ReadMemory at 0x7ffe98e60000 of 64 bytes failed: Only part of a ReadProcessMemory or WriteProcessMemory request was completed. (0x12B)
[0921/012903.392:WARNING:pe_image_reader.cc(340)] could not read dos header from C:\WINDOWS\System32\WINTRUST.dll
[0921/012903.392:ERROR:process_memory_win.cc(73)] ReadMemory at 0x7ffe98080000 of 64 bytes failed: Only part of a ReadProcessMemory or WriteProcessMemory request was completed. (0x12B)
[0921/012903.392:WARNING:pe_image_reader.cc(340)] could not read dos header from C:\WINDOWS\System32\MSASN1.dll
[0921/012903.392:ERROR:process_memory_win.cc(73)] ReadMemory at 0x7ffe98ef0000 of 64 bytes failed: Only part of a ReadProcessMemory or WriteProcessMemory request was completed. (0x12B)
[0921/012903.392:WARNING:pe_image_reader.cc(340)] could not read dos header from C:\WINDOWS\System32\CRYPT32.dll
[0921/012903.392:ERROR:process_memory_win.cc(73)] ReadMemory at 0x7ffe97550000 of 64 bytes failed: Only part of a ReadProcessMemory or WriteProcessMemory request was completed. (0x12B)
[0921/012903.392:WARNING:pe_image_reader.cc(340)] could not read dos header from C:\WINDOWS\SYSTEM32\IPHLPAPI.DLL
[0921/012903.392:ERROR:process_memory_win.cc(73)] ReadMemory at 0x7ffe8ef10000 of 64 bytes failed: Only part of a ReadProcessMemory or WriteProcessMemory request was completed. (0x12B)
[0921/012903.392:WARNING:pe_image_reader.cc(340)] could not read dos header from C:\WINDOWS\SYSTEM32\WINMM.dll
[0921/012903.392:ERROR:process_memory_win.cc(73)] ReadMemory at 0x7ffe647a0000 of 64 bytes failed: Only part of a ReadProcessMemory or WriteProcessMemory request was completed. (0x12B)
[0921/012903.392:WARNING:pe_image_reader.cc(340)] could not read dos header from C:\WINDOWS\SYSTEM32\UIAutomationCore.DLL
[0921/012903.392:ERROR:process_memory_win.cc(73)] ReadMemory at 0x7ffe89f90000 of 64 bytes failed: Only part of a ReadProcessMemory or WriteProcessMemory request was completed. (0x12B)
[0921/012903.392:WARNING:pe_image_reader.cc(340)] could not read dos header from C:\WINDOWS\SYSTEM32\Secur32.dll
[0921/012903.392:ERROR:process_memory_win.cc(73)] ReadMemory at 0x7ffe97f10000 of 64 bytes failed: Only part of a ReadProcessMemory or WriteProcessMemory request was completed. (0x12B)
[0921/012903.392:WARNING:pe_image_reader.cc(340)] could not read dos header from C:\WINDOWS\SYSTEM32\USERENV.dll
[0921/012903.392:ERROR:process_memory_win.cc(73)] ReadMemory at 0x7ffe98000000 of 64 bytes failed: Only part of a ReadProcessMemory or WriteProcessMemory request was completed. (0x12B)
[0921/012903.392:WARNING:pe_image_reader.cc(340)] could not read dos header from C:\WINDOWS\System32\profapi.dll
[0921/012903.392:ERROR:process_memory_win.cc(73)] ReadMemory at 0x7ffe85c10000 of 64 bytes failed: Only part of a ReadProcessMemory or WriteProcessMemory request was completed. (0x12B)
[0921/012903.392:WARNING:pe_image_reader.cc(340)] could not read dos header from C:\WINDOWS\SYSTEM32\DWrite.dll
[0921/012903.392:ERROR:process_memory_win.cc(73)] ReadMemory at 0x7ffe85b70000 of 64 bytes failed: Only part of a ReadProcessMemory or WriteProcessMemory request was completed. (0x12B)
[0921/012903.392:WARNING:pe_image_reader.cc(340)] could not read dos header from C:\WINDOWS\SYSTEM32\WINSPOOL.DRV
[0921/012903.392:ERROR:process_memory_win.cc(73)] ReadMemory at 0x7ffe980a0000 of 64 bytes failed: Only part of a ReadProcessMemory or WriteProcessMemory request was completed. (0x12B)
[0921/012903.393:WARNING:pe_image_reader.cc(340)] could not read dos header from C:\WINDOWS\System32\kernel.appcore.dll
[0921/012903.393:ERROR:process_memory_win.cc(73)] ReadMemory at 0x7ffe98d00000 of 64 bytes failed: Only part of a ReadProcessMemory or WriteProcessMemory request was completed. (0x12B)
[0921/012903.393:WARNING:pe_image_reader.cc(340)] could not read dos header from C:\WINDOWS\System32\bcrypt.dll
[0921/012903.393:ERROR:process_memory_win.cc(73)] ReadMemory at 0x7ffe90d50000 of 64 bytes failed: Only part of a ReadProcessMemory or WriteProcessMemory request was completed. (0x12B)
[0921/012903.393:WARNING:pe_image_reader.cc(340)] could not read dos header from C:\WINDOWS\SYSTEM32\dbghelp.dll
[0921/012903.393:ERROR:process_memory_win.cc(73)] ReadMemory at 0x7ffe8f470000 of 64 bytes failed: Only part of a ReadProcessMemory or WriteProcessMemory request was completed. (0x12B)
[0921/012903.393:WARNING:pe_image_reader.cc(340)] could not read dos header from C:\WINDOWS\SYSTEM32\WINHTTP.dll
[0921/012903.393:ERROR:process_memory_win.cc(73)] ReadMemory at 0x7ffe91990000 of 64 bytes failed: Only part of a ReadProcessMemory or WriteProcessMemory request was completed. (0x12B)
[0921/012903.393:WARNING:pe_image_reader.cc(340)] could not read dos header from C:\WINDOWS\SYSTEM32\dhcpcsvc.DLL
[0921/012903.393:ERROR:process_memory_win.cc(73)] ReadMemory at 0x7ffe998f0000 of 64 bytes failed: Only part of a ReadProcessMemory or WriteProcessMemory request was completed. (0x12B)
[0921/012903.393:WARNING:pe_image_reader.cc(340)] could not read dos header from C:\WINDOWS\System32\NSI.dll
[0921/012903.393:ERROR:process_memory_win.cc(73)] ReadMemory at 0x7ffe8eee0000 of 64 bytes failed: Only part of a ReadProcessMemory or WriteProcessMemory request was completed. (0x12B)
[0921/012903.393:WARNING:pe_image_reader.cc(340)] could not read dos header from C:\WINDOWS\SYSTEM32\WINMMBASE.dll
[0921/012903.393:ERROR:process_memory_win.cc(73)] ReadMemory at 0x7ffe980c0000 of 64 bytes failed: Only part of a ReadProcessMemory or WriteProcessMemory request was completed. (0x12B)
[0921/012903.393:WARNING:pe_image_reader.cc(340)] could not read dos header from C:\WINDOWS\System32\cfgmgr32.dll
[0921/012903.393:ERROR:process_memory_win.cc(73)] ReadMemory at 0x7ffe94970000 of 64 bytes failed: Only part of a ReadProcessMemory or WriteProcessMemory request was completed. (0x12B)
[0921/012903.393:WARNING:pe_image_reader.cc(340)] could not read dos header from C:\WINDOWS\SYSTEM32\PROPSYS.dll
[0921/012903.393:ERROR:process_memory_win.cc(73)] ReadMemory at 0x7ffe9b060000 of 64 bytes failed: Only part of a ReadProcessMemory or WriteProcessMemory request was completed. (0x12B)
[0921/012903.393:WARNING:pe_image_reader.cc(340)] could not read dos header from C:\WINDOWS\System32\shcore.dll
[0921/012903.393:ERROR:process_memory_win.cc(73)] ReadMemory at 0x7ffe97ed0000 of 64 bytes failed: Only part of a ReadProcessMemory or WriteProcessMemory request was completed. (0x12B)
[0921/012903.393:WARNING:pe_image_reader.cc(340)] could not read dos header from C:\WINDOWS\SYSTEM32\SSPICLI.DLL
[0921/012903.393:ERROR:process_memory_win.cc(73)] ReadMemory at 0x7ffe97a10000 of 64 bytes failed: Only part of a ReadProcessMemory or WriteProcessMemory request was completed. (0x12B)
[0921/012903.393:WARNING:pe_image_reader.cc(340)] could not read dos header from C:\WINDOWS\SYSTEM32\CRYPTBASE.DLL
[0921/012903.406:ERROR:process_memory_win.cc(73)] ReadMemory at 0x566fff4000 of 49152 bytes failed: Only part of a ReadProcessMemory or WriteProcessMemory request was completed. (0x12B)
[0921/012903.406:ERROR:process_memory_win.cc(73)] ReadMemory at 0x56707fd000 of 12288 bytes failed: Only part of a ReadProcessMemory or WriteProcessMemory request was completed. (0x12B)
[0921/012903.406:ERROR:process_memory_win.cc(73)] ReadMemory at 0x5670ff9000 of 28672 bytes failed: Only part of a ReadProcessMemory or WriteProcessMemory request was completed. (0x12B)
[0921/012903.406:ERROR:process_memory_win.cc(73)] ReadMemory at 0x56717fd000 of 12288 bytes failed: Only part of a ReadProcessMemory or WriteProcessMemory request was completed. (0x12B)
[0921/012903.406:ERROR:process_memory_win.cc(73)] ReadMemory at 0x5671ffc000 of 16384 bytes failed: Only part of a ReadProcessMemory or WriteProcessMemory request was completed. (0x12B)
[0921/012903.406:ERROR:process_memory_win.cc(73)] ReadMemory at 0x56727fe000 of 8192 bytes failed: Only part of a ReadProcessMemory or WriteProcessMemory request was completed. (0x12B)
[0921/012903.406:ERROR:process_memory_win.cc(73)] ReadMemory at 0x5672ffd000 of 12288 bytes failed: Only part of a ReadProcessMemory or WriteProcessMemory request was completed. (0x12B)
[0921/012903.407:ERROR:process_memory_win.cc(73)] ReadMemory at 0x56737fc000 of 16384 bytes failed: Only part of a ReadProcessMemory or WriteProcessMemory request was completed. (0x12B)
[0921/012903.407:ERROR:process_memory_win.cc(73)] ReadMemory at 0x5673ffd000 of 12288 bytes failed: Only part of a ReadProcessMemory or WriteProcessMemory request was completed. (0x12B)
[0921/012903.407:ERROR:process_memory_win.cc(73)] ReadMemory at 0x56747fd000 of 12288 bytes failed: Only part of a ReadProcessMemory or WriteProcessMemory request was completed. (0x12B)
[0921/012903.407:ERROR:process_memory_win.cc(73)] ReadMemory at 0x5674ffd000 of 12288 bytes failed: Only part of a ReadProcessMemory or WriteProcessMemory request was completed. (0x12B)
[0921/012903.407:ERROR:process_memory_win.cc(73)] ReadMemory at 0x56757fd000 of 12288 bytes failed: Only part of a ReadProcessMemory or WriteProcessMemory request was completed. (0x12B)
[0921/012903.407:ERROR:process_memory_win.cc(73)] ReadMemory at 0x5675ffd000 of 12288 bytes failed: Only part of a ReadProcessMemory or WriteProcessMemory request was completed. (0x12B)
[0921/012903.407:ERROR:process_memory_win.cc(73)] ReadMemory at 0x56767fd000 of 12288 bytes failed: Only part of a ReadProcessMemory or WriteProcessMemory request was completed. (0x12B)
[0921/012903.407:ERROR:process_memory_win.cc(73)] ReadMemory at 0x566f600000 of 6024 bytes failed: Only part of a ReadProcessMemory or WriteProcessMemory request was completed. (0x12B)
[0921/012903.407:ERROR:process_memory_win.cc(73)] ReadMemory at 0x566f602000 of 6024 bytes failed: Only part of a ReadProcessMemory or WriteProcessMemory request was completed. (0x12B)
[0921/012903.407:ERROR:process_memory_win.cc(73)] ReadMemory at 0x566f7e6000 of 852 bytes failed: Only part of a ReadProcessMemory or WriteProcessMemory request was completed. (0x12B)
[0921/012903.407:ERROR:process_memory_win.cc(73)] ReadMemory at 0x566f7e7000 of 6024 bytes failed: Only part of a ReadProcessMemory or WriteProcessMemory request was completed. (0x12B)
[0921/012903.407:ERROR:process_memory_win.cc(73)] ReadMemory at 0x566f7e9000 of 6024 bytes failed: Only part of a ReadProcessMemory or WriteProcessMemory request was completed. (0x12B)
[0921/012903.407:ERROR:process_memory_win.cc(73)] ReadMemory at 0x566f7eb000 of 6024 bytes failed: Only part of a ReadProcessMemory or WriteProcessMemory request was completed. (0x12B)
[0921/012903.408:ERROR:process_memory_win.cc(73)] ReadMemory at 0x566f7ed000 of 6024 bytes failed: Only part of a ReadProcessMemory or WriteProcessMemory request was completed. (0x12B)
[0921/012903.408:ERROR:process_memory_win.cc(73)] ReadMemory at 0x566f7ef000 of 6024 bytes failed: Only part of a ReadProcessMemory or WriteProcessMemory request was completed. (0x12B)
[0921/012903.408:ERROR:process_memory_win.cc(73)] ReadMemory at 0x566f7f1000 of 6024 bytes failed: Only part of a ReadProcessMemory or WriteProcessMemory request was completed. (0x12B)
[0921/012903.408:ERROR:process_memory_win.cc(73)] ReadMemory at 0x566f7f3000 of 6024 bytes failed: Only part of a ReadProcessMemory or WriteProcessMemory request was completed. (0x12B)
[0921/012903.408:ERROR:process_memory_win.cc(73)] ReadMemory at 0x566f7f5000 of 6024 bytes failed: Only part of a ReadProcessMemory or WriteProcessMemory request was completed. (0x12B)
[0921/012903.408:ERROR:process_memory_win.cc(73)] ReadMemory at 0x566f7f7000 of 6024 bytes failed: Only part of a ReadProcessMemory or WriteProcessMemory request was completed. (0x12B)
[0921/012903.408:ERROR:process_memory_win.cc(73)] ReadMemory at 0x566f7f9000 of 6024 bytes failed: Only part of a ReadProcessMemory or WriteProcessMemory request was completed. (0x12B)
[0921/012903.408:ERROR:process_memory_win.cc(73)] ReadMemory at 0x566f7fb000 of 6024 bytes failed: Only part of a ReadProcessMemory or WriteProcessMemory request was completed. (0x12B)
[0921/012903.408:ERROR:process_memory_win.cc(73)] ReadMemory at 0x566f7fd000 of 6024 bytes failed: Only part of a ReadProcessMemory or WriteProcessMemory request was completed. (0x12B)
[0921/012903.408:ERROR:process_memory_win.cc(73)] ReadMemory at 0x245df3e0fe0 of 6170 bytes failed: Only part of a ReadProcessMemory or WriteProcessMemory request was completed. (0x12B)
[0921/012903.408:ERROR:process_memory_win.cc(73)] ReadMemory at 0x245df3e2810 of 1012 bytes failed: Only part of a ReadProcessMemory or WriteProcessMemory request was completed. (0x12B)
[0921/012903.408:ERROR:process_memory_win.cc(73)] ReadMemory at 0x245df3e2e58 of 118 bytes failed: Only part of a ReadProcessMemory or WriteProcessMemory request was completed. (0x12B)
[0921/012903.408:ERROR:process_memory_win.cc(73)] ReadMemory at 0x245df3e2ed0 of 766 bytes failed: Only part of a ReadProcessMemory or WriteProcessMemory request was completed. (0x12B)
[0921/012903.409:ERROR:process_memory_win.cc(73)] ReadMemory at 0x245df3e31d0 of 118 bytes failed: Only part of a ReadProcessMemory or WriteProcessMemory request was completed. (0x12B)
[0921/012903.409:ERROR:process_memory_win.cc(73)] ReadMemory at 0x245df3e3248 of 96 bytes failed: Only part of a ReadProcessMemory or WriteProcessMemory request was completed. (0x12B)
[0921/012903.409:ERROR:process_memory_win.cc(73)] ReadMemory at 0x245df3e32c0 of 58 bytes failed: Only part of a ReadProcessMemory or WriteProcessMemory request was completed. (0x12B)
[0921/012903.409:ERROR:process_memory_win.cc(73)] ReadMemory at 0x245df3e33c0 of 132 bytes failed: Only part of a ReadProcessMemory or WriteProcessMemory request was completed. (0x12B)
[0921/012903.409:ERROR:process_memory_win.cc(73)] ReadMemory at 0x245df3e3550 of 132 bytes failed: Only part of a ReadProcessMemory or WriteProcessMemory request was completed. (0x12B)
[0921/012903.409:ERROR:process_memory_win.cc(73)] ReadMemory at 0x245df3e3710 of 126 bytes failed: Only part of a ReadProcessMemory or WriteProcessMemory request was completed. (0x12B)
[0921/012903.409:ERROR:process_memory_win.cc(73)] ReadMemory at 0x245df3e3af0 of 132 bytes failed: Only part of a ReadProcessMemory or WriteProcessMemory request was completed. (0x12B)
[0921/012903.409:ERROR:process_memory_win.cc(73)] ReadMemory at 0x245df3e3c80 of 64 bytes failed: Only part of a ReadProcessMemory or WriteProcessMemory request was completed. (0x12B)
[0921/012903.409:ERROR:process_memory_win.cc(73)] ReadMemory at 0x245df3e3e40 of 132 bytes failed: Only part of a ReadProcessMemory or WriteProcessMemory request was completed. (0x12B)
[0921/012903.409:ERROR:process_memory_win.cc(73)] ReadMemory at 0x245df3e40f0 of 132 bytes failed: Only part of a ReadProcessMemory or WriteProcessMemory request was completed. (0x12B)
[0921/012903.409:ERROR:process_memory_win.cc(73)] ReadMemory at 0x245df3e4280 of 68 bytes failed: Only part of a ReadProcessMemory or WriteProcessMemory request was completed. (0x12B)
[0921/012903.409:ERROR:process_memory_win.cc(73)] ReadMemory at 0x245df3e5350 of 132 bytes failed: Only part of a ReadProcessMemory or WriteProcessMemory request was completed. (0x12B)
[0921/012903.409:ERROR:process_memory_win.cc(73)] ReadMemory at 0x245df3e5480 of 154 bytes failed: Only part of a ReadProcessMemory or WriteProcessMemory request was completed. (0x12B)
[0921/012903.409:ERROR:process_memory_win.cc(73)] ReadMemory at 0x245df3e62a0 of 60 bytes failed: Only part of a ReadProcessMemory or WriteProcessMemory request was completed. (0x12B)
[0921/012903.409:ERROR:process_memory_win.cc(73)] ReadMemory at 0x245df3e62f0 of 62 bytes failed: Only part of a ReadProcessMemory or WriteProcessMemory request was completed. (0x12B)
[0921/012903.410:ERROR:process_memory_win.cc(73)] ReadMemory at 0x245df3e64e0 of 132 bytes failed: Only part of a ReadProcessMemory or WriteProcessMemory request was completed. (0x12B)
[0921/012903.410:ERROR:process_memory_win.cc(73)] ReadMemory at 0x245df3eae30 of 62 bytes failed: Only part of a ReadProcessMemory or WriteProcessMemory request was completed. (0x12B)
[0921/012903.410:ERROR:process_memory_win.cc(73)] ReadMemory at 0x245df3ebcac of 512 bytes failed: Only part of a ReadProcessMemory or WriteProcessMemory request was completed. (0x12B)
[0921/012903.410:ERROR:process_memory_win.cc(73)] ReadMemory at 0x245df3ef1f0 of 54 bytes failed: Only part of a ReadProcessMemory or WriteProcessMemory request was completed. (0x12B)
[0921/012903.410:ERROR:process_memory_win.cc(73)] ReadMemory at 0x245df3f2030 of 80 bytes failed: Only part of a ReadProcessMemory or WriteProcessMemory request was completed. (0x12B)
[0921/012903.410:ERROR:process_memory_win.cc(73)] ReadMemory at 0x245df3f22d0 of 80 bytes failed: Only part of a ReadProcessMemory or WriteProcessMemory request was completed. (0x12B)
[0921/012903.410:ERROR:process_memory_win.cc(73)] ReadMemory at 0x245df3f4440 of 132 bytes failed: Only part of a ReadProcessMemory or WriteProcessMemory request was completed. (0x12B)
[0921/012903.410:ERROR:process_memory_win.cc(73)] ReadMemory at 0x245df3f4a90 of 146 bytes failed: Only part of a ReadProcessMemory or WriteProcessMemory request was completed. (0x12B)
[0921/012903.410:ERROR:process_memory_win.cc(73)] ReadMemory at 0x245df3f5530 of 132 bytes failed: Only part of a ReadProcessMemory or WriteProcessMemory request was completed. (0x12B)
[0921/012903.410:ERROR:process_memory_win.cc(73)] ReadMemory at 0x245df3f7d40 of 132 bytes failed: Only part of a ReadProcessMemory or WriteProcessMemory request was completed. (0x12B)
[0921/012903.410:ERROR:process_memory_win.cc(73)] ReadMemory at 0x245df3f7e70 of 132 bytes failed: Only part of a ReadProcessMemory or WriteProcessMemory request was completed. (0x12B)
[0921/012903.410:ERROR:process_memory_win.cc(73)] ReadMemory at 0x245df3f7fa0 of 132 bytes failed: Only part of a ReadProcessMemory or WriteProcessMemory request was completed. (0x12B)
[0921/012903.410:ERROR:process_memory_win.cc(73)] ReadMemory at 0x245df3f80d0 of 132 bytes failed: Only part of a ReadProcessMemory or WriteProcessMemory request was completed. (0x12B)
[0921/012903.410:ERROR:process_memory_win.cc(73)] ReadMemory at 0x245df3f8200 of 132 bytes failed: Only part of a ReadProcessMemory or WriteProcessMemory request was completed. (0x12B)
[0921/012903.410:ERROR:process_memory_win.cc(73)] ReadMemory at 0x245df3f8330 of 132 bytes failed: Only part of a ReadProcessMemory or WriteProcessMemory request was completed. (0x12B)
[0921/012903.411:ERROR:process_memory_win.cc(73)] ReadMemory at 0x245df3f98d0 of 132 bytes failed: Only part of a ReadProcessMemory or WriteProcessMemory request was completed. (0x12B)
[0921/012903.411:ERROR:process_memory_win.cc(73)] ReadMemory at 0x245df3f9a00 of 132 bytes failed: Only part of a ReadProcessMemory or WriteProcessMemory request was completed. (0x12B)
[0921/012903.411:ERROR:process_memory_win.cc(73)] ReadMemory at 0x245df3fa6d0 of 132 bytes failed: Only part of a ReadProcessMemory or WriteProcessMemory request was completed. (0x12B)
[0921/012903.411:ERROR:process_memory_win.cc(73)] ReadMemory at 0x245df3fad70 of 62 bytes failed: Only part of a ReadProcessMemory or WriteProcessMemory request was completed. (0x12B)
[0921/012903.411:ERROR:process_memory_win.cc(73)] ReadMemory at 0x245df3fae10 of 60 bytes failed: Only part of a ReadProcessMemory or WriteProcessMemory request was completed. (0x12B)
[0921/012903.411:ERROR:process_memory_win.cc(73)] ReadMemory at 0x245df3fae60 of 60 bytes failed: Only part of a ReadProcessMemory or WriteProcessMemory request was completed. (0x12B)
[0921/012903.411:ERROR:process_memory_win.cc(73)] ReadMemory at 0x245df3fb040 of 66 bytes failed: Only part of a ReadProcessMemory or WriteProcessMemory request was completed. (0x12B)
[0921/012903.411:ERROR:process_memory_win.cc(73)] ReadMemory at 0x245df3fb0e0 of 64 bytes failed: Only part of a ReadProcessMemory or WriteProcessMemory request was completed. (0x12B)
[0921/012903.411:ERROR:process_memory_win.cc(73)] ReadMemory at 0x245df3fb130 of 60 bytes failed: Only part of a ReadProcessMemory or WriteProcessMemory request was completed. (0x12B)
[0921/012903.411:ERROR:process_memory_win.cc(73)] ReadMemory at 0x245df3fb180 of 62 bytes failed: Only part of a ReadProcessMemory or WriteProcessMemory request was completed. (0x12B)
[0921/012903.411:ERROR:process_memory_win.cc(73)] ReadMemory at 0x245df3fb220 of 64 bytes failed: Only part of a ReadProcessMemory or WriteProcessMemory request was completed. (0x12B)
[0921/012903.411:ERROR:process_memory_win.cc(73)] ReadMemory at 0x245df3fb270 of 58 bytes failed: Only part of a ReadProcessMemory or WriteProcessMemory request was completed. (0x12B)
[0921/012903.412:ERROR:process_memory_win.cc(73)] ReadMemory at 0x245df3fb310 of 62 bytes failed: Only part of a ReadProcessMemory or WriteProcessMemory request was completed. (0x12B)
[0921/012903.412:ERROR:process_memory_win.cc(73)] ReadMemory at 0x245df3fb360 of 64 bytes failed: Only part of a ReadProcessMemory or WriteProcessMemory request was completed. (0x12B)
[0921/012903.412:ERROR:process_memory_win.cc(73)] ReadMemory at 0x245df3fb450 of 62 bytes failed: Only part of a ReadProcessMemory or WriteProcessMemory request was completed. (0x12B)
[0921/012903.412:ERROR:process_memory_win.cc(73)] ReadMemory at 0x245df3fb4a0 of 60 bytes failed: Only part of a ReadProcessMemory or WriteProcessMemory request was completed. (0x12B)
[0921/012903.412:ERROR:process_memory_win.cc(73)] ReadMemory at 0x245df3fb4f0 of 62 bytes failed: Only part of a ReadProcessMemory or WriteProcessMemory request was completed. (0x12B)
[0921/012903.412:ERROR:process_memory_win.cc(73)] ReadMemory at 0x245df3fb540 of 60 bytes failed: Only part of a ReadProcessMemory or WriteProcessMemory request was completed. (0x12B)
[0921/012903.412:ERROR:process_memory_win.cc(73)] ReadMemory at 0x245df3fb590 of 62 bytes failed: Only part of a ReadProcessMemory or WriteProcessMemory request was completed. (0x12B)
[0921/012903.412:ERROR:process_memory_win.cc(73)] ReadMemory at 0x245df3fb630 of 64 bytes failed: Only part of a ReadProcessMemory or WriteProcessMemory request was completed. (0x12B)
[0921/012903.412:ERROR:process_memory_win.cc(73)] ReadMemory at 0x245df3fb6d0 of 66 bytes failed: Only part of a ReadProcessMemory or WriteProcessMemory request was completed. (0x12B)
[0921/012903.412:ERROR:process_memory_win.cc(73)] ReadMemory at 0x245df3fb770 of 64 bytes failed: Only part of a ReadProcessMemory or WriteProcessMemory request was completed. (0x12B)
[0921/012903.412:ERROR:process_memory_win.cc(73)] ReadMemory at 0x245df3fb7c0 of 64 bytes failed: Only part of a ReadProcessMemory or WriteProcessMemory request was completed. (0x12B)
[0921/012903.412:ERROR:process_memory_win.cc(73)] ReadMemory at 0x245df3fb950 of 60 bytes failed: Only part of a ReadProcessMemory or WriteProcessMemory request was completed. (0x12B)
[0921/012903.412:ERROR:process_memory_win.cc(73)] ReadMemory at 0x245df3fb9a0 of 62 bytes failed: Only part of a ReadProcessMemory or WriteProcessMemory request was completed. (0x12B)
[0921/012903.413:ERROR:process_memory_win.cc(73)] ReadMemory at 0x245df3fb9f0 of 62 bytes failed: Only part of a ReadProcessMemory or WriteProcessMemory request was completed. (0x12B)
[0921/012903.413:ERROR:process_memory_win.cc(73)] ReadMemory at 0x245df3fba40 of 64 bytes failed: Only part of a ReadProcessMemory or WriteProcessMemory request was completed. (0x12B)
[0921/012903.413:ERROR:process_memory_win.cc(73)] ReadMemory at 0x245df3fba90 of 64 bytes failed: Only part of a ReadProcessMemory or WriteProcessMemory request was completed. (0x12B)
[0921/012903.413:ERROR:process_memory_win.cc(73)] ReadMemory at 0x245df3fbb30 of 62 bytes failed: Only part of a ReadProcessMemory or WriteProcessMemory request was completed. (0x12B)
[0921/012903.413:ERROR:process_memory_win.cc(73)] ReadMemory at 0x245df3fd040 of 132 bytes failed: Only part of a ReadProcessMemory or WriteProcessMemory request was completed. (0x12B)
[0921/012903.413:ERROR:process_memory_win.cc(73)] ReadMemory at 0x245df400dc0 of 132 bytes failed: Only part of a ReadProcessMemory or WriteProcessMemory request was completed. (0x12B)
[0921/012903.413:ERROR:process_memory_win.cc(73)] ReadMemory at 0x245df400fe0 of 132 bytes failed: Only part of a ReadProcessMemory or WriteProcessMemory request was completed. (0x12B)
[0921/012903.413:ERROR:process_memory_win.cc(73)] ReadMemory at 0x245df401340 of 132 bytes failed: Only part of a ReadProcessMemory or WriteProcessMemory request was completed. (0x12B)
[0921/012903.413:ERROR:process_memory_win.cc(73)] ReadMemory at 0x245df401550 of 132 bytes failed: Only part of a ReadProcessMemory or WriteProcessMemory request was completed. (0x12B)
[0921/012903.414:ERROR:process_memory_win.cc(73)] ReadMemory at 0x245df402240 of 132 bytes failed: Only part of a ReadProcessMemory or WriteProcessMemory request was completed. (0x12B)
[0921/012903.414:ERROR:process_memory_win.cc(73)] ReadMemory at 0x245df402370 of 132 bytes failed: Only part of a ReadProcessMemory or WriteProcessMemory request was completed. (0x12B)
[0921/012903.414:ERROR:process_memory_win.cc(73)] ReadMemory at 0x245df4024a0 of 132 bytes failed: Only part of a ReadProcessMemory or WriteProcessMemory request was completed. (0x12B)
[0921/012903.414:ERROR:process_memory_win.cc(73)] ReadMemory at 0x245df402830 of 132 bytes failed: Only part of a ReadProcessMemory or WriteProcessMemory request was completed. (0x12B)
[0921/012903.414:ERROR:process_memory_win.cc(73)] ReadMemory at 0x245df402960 of 132 bytes failed: Only part of a ReadProcessMemory or WriteProcessMemory request was completed. (0x12B)
[0921/012903.414:ERROR:process_memory_win.cc(73)] ReadMemory at 0x245df402a90 of 132 bytes failed: Only part of a ReadProcessMemory or WriteProcessMemory request was completed. (0x12B)
[0921/012903.414:ERROR:process_memory_win.cc(73)] ReadMemory at 0x245df402bc0 of 132 bytes failed: Only part of a ReadProcessMemory or WriteProcessMemory request was completed. (0x12B)
[0921/012903.414:ERROR:process_memory_win.cc(73)] ReadMemory at 0x245df402cf0 of 132 bytes failed: Only part of a ReadProcessMemory or WriteProcessMemory request was completed. (0x12B)
[0921/012903.414:ERROR:process_memory_win.cc(73)] ReadMemory at 0x245df402e20 of 132 bytes failed: Only part of a ReadProcessMemory or WriteProcessMemory request was completed. (0x12B)
[0921/012903.414:ERROR:process_memory_win.cc(73)] ReadMemory at 0x245df402f50 of 132 bytes failed: Only part of a ReadProcessMemory or WriteProcessMemory request was completed. (0x12B)
[0921/012903.414:ERROR:process_memory_win.cc(73)] ReadMemory at 0x245df403080 of 132 bytes failed: Only part of a ReadProcessMemory or WriteProcessMemory request was completed. (0x12B)
[0921/012903.414:ERROR:process_memory_win.cc(73)] ReadMemory at 0x245df4031b0 of 132 bytes failed: Only part of a ReadProcessMemory or WriteProcessMemory request was completed. (0x12B)
[0921/012903.414:ERROR:process_memory_win.cc(73)] ReadMemory at 0x245df4032e0 of 132 bytes failed: Only part of a ReadProcessMemory or WriteProcessMemory request was completed. (0x12B)
[0921/012903.414:ERROR:process_memory_win.cc(73)] ReadMemory at 0x245df403410 of 132 bytes failed: Only part of a ReadProcessMemory or WriteProcessMemory request was completed. (0x12B)
[0921/012903.415:ERROR:process_memory_win.cc(73)] ReadMemory at 0x245df4038d0 of 132 bytes failed: Only part of a ReadProcessMemory or WriteProcessMemory request was completed. (0x12B)
[0921/012903.415:ERROR:process_memory_win.cc(73)] ReadMemory at 0x245df403a00 of 132 bytes failed: Only part of a ReadProcessMemory or WriteProcessMemory request was completed. (0x12B)
[0921/012903.415:ERROR:process_memory_win.cc(73)] ReadMemory at 0x245df405380 of 76 bytes failed: Only part of a ReadProcessMemory or WriteProcessMemory request was completed. (0x12B)
[0921/012903.415:ERROR:process_memory_win.cc(73)] ReadMemory at 0x245df44b250 of 512 bytes failed: Only part of a ReadProcessMemory or WriteProcessMemory request was completed. (0x12B)
[0921/012903.415:ERROR:process_memory_win.cc(73)] ReadMemory at 0x245df44c750 of 512 bytes failed: Only part of a ReadProcessMemory or WriteProcessMemory request was completed. (0x12B)
[0921/012903.415:ERROR:process_memory_win.cc(73)] ReadMemory at 0x245df485230 of 512 bytes failed: Only part of a ReadProcessMemory or WriteProcessMemory request was completed. (0x12B)
[0921/012903.415:ERROR:process_memory_win.cc(73)] ReadMemory at 0x245df4901e0 of 512 bytes failed: Only part of a ReadProcessMemory or WriteProcessMemory request was completed. (0x12B)
[0921/012903.415:ERROR:process_memory_win.cc(73)] ReadMemory at 0x245df490bc0 of 712 bytes failed: Only part of a ReadProcessMemory or WriteProcessMemory request was completed. (0x12B)
[0921/012903.415:ERROR:process_memory_win.cc(73)] ReadMemory at 0x245df4b4790 of 512 bytes failed: Only part of a ReadProcessMemory or WriteProcessMemory request was completed. (0x12B)
[0921/012903.415:ERROR:process_memory_win.cc(73)] ReadMemory at 0x245df4c8850 of 512 bytes failed: Only part of a ReadProcessMemory or WriteProcessMemory request was completed. (0x12B)
[0921/012903.415:ERROR:process_memory_win.cc(73)] ReadMemory at 0x245df5f0f40 of 512 bytes failed: Only part of a ReadProcessMemory or WriteProcessMemory request was completed. (0x12B)
[0921/012903.415:ERROR:process_memory_win.cc(73)] ReadMemory at 0x245df5f1a80 of 512 bytes failed: Only part of a ReadProcessMemory or WriteProcessMemory request was completed. (0x12B)
[0921/012903.415:ERROR:process_memory_win.cc(73)] ReadMemory at 0x245e0e5b460 of 512 bytes failed: Only part of a ReadProcessMemory or WriteProcessMemory request was completed. (0x12B)
[0921/012903.415:ERROR:process_memory_win.cc(73)] ReadMemory at 0x245e0e89452 of 512 bytes failed: Only part of a ReadProcessMemory or WriteProcessMemory request was completed. (0x12B)
[0921/012903.415:ERROR:process_memory_win.cc(73)] ReadMemory at 0x245e0e89724 of 592 bytes failed: Only part of a ReadProcessMemory or WriteProcessMemory request was completed. (0x12B)
[0921/012903.416:ERROR:process_memory_win.cc(73)] ReadMemory at 0x245e0e8a200 of 512 bytes failed: Only part of a ReadProcessMemory or WriteProcessMemory request was completed. (0x12B)
[0921/012903.416:ERROR:process_memory_win.cc(73)] ReadMemory at 0x245e0ea0000 of 384 bytes failed: Only part of a ReadProcessMemory or WriteProcessMemory request was completed. (0x12B)
[0921/012903.416:ERROR:process_memory_win.cc(73)] ReadMemory at 0x245e1064f48 of 512 bytes failed: Only part of a ReadProcessMemory or WriteProcessMemory request was completed. (0x12B)
[0921/012903.416:ERROR:process_memory_win.cc(73)] ReadMemory at 0x245e1065d60 of 512 bytes failed: Only part of a ReadProcessMemory or WriteProcessMemory request was completed. (0x12B)
[0921/012903.416:ERROR:process_memory_win.cc(73)] ReadMemory at 0x245e10663e0 of 512 bytes failed: Only part of a ReadProcessMemory or WriteProcessMemory request was completed. (0x12B)
[0921/012903.416:ERROR:process_memory_win.cc(73)] ReadMemory at 0x245e133ff80 of 512 bytes failed: Only part of a ReadProcessMemory or WriteProcessMemory request was completed. (0x12B)
[0921/012903.416:ERROR:process_memory_win.cc(73)] ReadMemory at 0x245e1345e90 of 512 bytes failed: Only part of a ReadProcessMemory or WriteProcessMemory request was completed. (0x12B)
[0921/012903.416:ERROR:process_memory_win.cc(73)] ReadMemory at 0x4378de896f28 of 512 bytes failed: Only part of a ReadProcessMemory or WriteProcessMemory request was completed. (0x12B)
[0921/012903.416:ERROR:process_memory_win.cc(73)] ReadMemory at 0x7ffe47c9e17d of 512 bytes failed: Only part of a ReadProcessMemory or WriteProcessMemory request was completed. (0x12B)
[0921/012903.416:ERROR:process_memory_win.cc(73)] ReadMemory at 0x7ffe48ea65f3 of 512 bytes failed: Only part of a ReadProcessMemory or WriteProcessMemory request was completed. (0x12B)
[0921/012903.416:ERROR:process_memory_win.cc(73)] ReadMemory at 0x7ffe4d8c9ef0 of 512 bytes failed: Only part of a ReadProcessMemory or WriteProcessMemory request was completed. (0x12B)
[0921/012903.416:ERROR:process_memory_win.cc(73)] ReadMemory at 0x7ffe98cbd700 of 512 bytes failed: Only part of a ReadProcessMemory or WriteProcessMemory request was completed. (0x12B)
[0921/012903.416:ERROR:process_memory_win.cc(73)] ReadMemory at 0x7ffe9ad11f80 of 512 bytes failed: Only part of a ReadProcessMemory or WriteProcessMemory request was completed. (0x12B)
[0921/012903.416:ERROR:process_memory_win.cc(73)] ReadMemory at 0x7ffe9bb5c074 of 672 bytes failed: Only part of a ReadProcessMemory or WriteProcessMemory request was completed. (0x12B)
[0921/012903.416:ERROR:process_memory_win.cc(73)] ReadMemory at 0x7ffe9bb5c674 of 512 bytes failed: Only part of a ReadProcessMemory or WriteProcessMemory request was completed. (0x12B)
[0921/012903.416:ERROR:process_memory_win.cc(73)] ReadMemory at 0x7ffe9bb5f924 of 608 bytes failed: Only part of a ReadProcessMemory or WriteProcessMemory request was completed. (0x12B)
[0921/012903.416:ERROR:process_memory_win.cc(73)] ReadMemory at 0x7ffe9bbec428 of 18 bytes failed: Only part of a ReadProcessMemory or WriteProcessMemory request was completed. (0x12B)
[0921/012903.417:ERROR:process_memory_win.cc(73)] ReadMemory at 0x7ffe9bc1f4f8 of 40 bytes failed: Only part of a ReadProcessMemory or WriteProcessMemory request was completed. (0x12B)
[0921/012903.417:ERROR:process_memory_win.cc(73)] ReadMemory at 0x7ffe9bc1f978 of 48 bytes failed: Only part of a ReadProcessMemory or WriteProcessMemory request was completed. (0x12B)
[0921/012903.417:ERROR:process_memory_win.cc(73)] ReadMemory at 0x7ffe9bc253c0 of 64 bytes failed: Only part of a ReadProcessMemory or WriteProcessMemory request was completed. (0x12B)
[0921/012903.419:ERROR:scoped_process_suspend.cc(40)] NtResumeProcess: An attempt was made to access an exiting process. (0xc000010a)
